<?xml version="1.0" encoding="UTF-8"?>
<testng-results skipped="0" failed="0" total="1" passed="1">
  <reporter-output>
  </reporter-output>
  <suite name="Suite" duration-ms="16527" started-at="2021-11-27T10:21:34Z" finished-at="2021-11-27T10:21:51Z">
    <groups>
    </groups>
    <test name="Test" duration-ms="16527" started-at="2021-11-27T10:21:34Z" finished-at="2021-11-27T10:21:51Z">
      <class name="org.learntestng.ClassA">
        <test-method status="PASS" signature="tc0(java.lang.String, java.lang.String)[pri:0, instance:org.learntestng.ClassA@7c30a502]" name="tc0" duration-ms="16492" started-at="2021-11-27T15:51:34Z" finished-at="2021-11-27T15:51:51Z">
          <params>
            <param index="0">
              <value>
                <![CDATA[kumar]]>
              </value>
            </param>
            <param index="1">
              <value>
                <![CDATA[12345]]>
              </value>
            </param>
          </params>
          <reporter-output>
          </reporter-output>
        </test-method> <!-- tc0 -->
      </class> <!-- org.learntestng.ClassA -->
    </test> <!-- Test -->
  </suite> <!-- Suite -->
</testng-results>
